2023-01-14 17:38:47,962 - Log file for this run: /home/hehung/AI/ai8x-training/logs/2023.01.14-173847/2023.01.14-173847.log
2023-01-14 17:39:02,274 - => loading checkpoint ../ai8x-synthesis/trained/ai8x-fruit-qat8-q.pth.tar
2023-01-14 17:39:02,286 - => Checkpoint contents:
+----------------------+-------------+---------------+
| Key                  | Type        | Value         |
|----------------------+-------------+---------------|
| arch                 | str         | ai85net_fruit |
| compression_sched    | dict        |               |
| epoch                | int         | 583           |
| extras               | dict        |               |
| optimizer_state_dict | dict        |               |
| optimizer_type       | type        | Adam          |
| state_dict           | OrderedDict |               |
+----------------------+-------------+---------------+

2023-01-14 17:39:02,288 - => Checkpoint['extras'] contents:
+-----------------+--------+-------------------+
| Key             | Type   | Value             |
|-----------------+--------+-------------------|
| best_epoch      | int    | 583               |
| best_mAP        | int    | 0                 |
| best_top1       | float  | 91.21621621621621 |
| clipping_method | str    | MAX_BIT_SHIFT     |
| current_mAP     | int    | 0                 |
| current_top1    | float  | 91.21621621621621 |
+-----------------+--------+-------------------+

2023-01-14 17:39:02,295 - Loaded compression schedule from checkpoint (epoch 583)
2023-01-14 17:39:02,346 - => loaded 'state_dict' from checkpoint '../ai8x-synthesis/trained/ai8x-fruit-qat8-q.pth.tar'
2023-01-14 17:39:02,423 - Optimizer Type: <class 'torch.optim.sgd.SGD'>
2023-01-14 17:39:02,424 - Optimizer Args: {'lr': 0.1, 'momentum': 0.9, 'dampening': 0, 'weight_decay': 0.0001, 'nesterov': False}
2023-01-14 17:39:02,497 - Dataset sizes:
	training=1338
	validation=148
	test=114
2023-01-14 17:39:02,497 - --- test ---------------------
2023-01-14 17:39:02,498 - 114 samples (256 per mini-batch)
2023-01-14 17:39:04,895 - Test: [    1/    1]    Loss 0.344975    Top1 89.473684    Top5 99.122807    
2023-01-14 17:39:04,951 - ==> Top1: 89.474    Top5: 99.123    Loss: 0.345

2023-01-14 17:39:04,953 - ==> Confusion:
[[15  0  0  0  1  0  0  0  0  0  0]
 [ 0 10  0  0  0  0  0  0  0  0  0]
 [ 0  0 15  0  0  0  0  0  0  0  0]
 [ 1  0  0 10  0  0  0  0  0  0  0]
 [ 0  0  0  0  3  1  1  0  1  0  0]
 [ 0  0  1  0  0 11  0  0  0  0  0]
 [ 0  0  0  1  1  1  9  0  0  0  0]
 [ 0  0  1  0  0  0  0  5  0  0  0]
 [ 1  0  0  0  0  0  0  0  7  1  0]
 [ 0  0  0  0  0  0  0  0  0  8  0]
 [ 0  0  0  0  0  0  0  0  0  0  9]]

2023-01-14 17:39:04,957 - 
2023-01-14 17:39:04,958 - Log file for this run: /home/hehung/AI/ai8x-training/logs/2023.01.14-173847/2023.01.14-173847.log
