2023-01-14 21:44:33,693 - Log file for this run: /home/hehung/AI/ai8x-training/logs/2023.01.14-214433/2023.01.14-214433.log
2023-01-14 21:44:45,655 - => loading checkpoint ../ai8x-synthesis/trained/ai8x-fruit-qat8-q.pth.tar
2023-01-14 21:44:45,688 - => Checkpoint contents:
+----------------------+-------------+---------------+
| Key                  | Type        | Value         |
|----------------------+-------------+---------------|
| arch                 | str         | ai85net_fruit |
| compression_sched    | dict        |               |
| epoch                | int         | 592           |
| extras               | dict        |               |
| optimizer_state_dict | dict        |               |
| optimizer_type       | type        | Adam          |
| state_dict           | OrderedDict |               |
+----------------------+-------------+---------------+

2023-01-14 21:44:45,689 - => Checkpoint['extras'] contents:
+-----------------+--------+-------------------+
| Key             | Type   | Value             |
|-----------------+--------+-------------------|
| best_epoch      | int    | 592               |
| best_mAP        | int    | 0                 |
| best_top1       | float  | 99.00990099009901 |
| clipping_method | str    | MAX_BIT_SHIFT     |
| current_mAP     | int    | 0                 |
| current_top1    | float  | 99.00990099009901 |
+-----------------+--------+-------------------+

2023-01-14 21:44:45,703 - Loaded compression schedule from checkpoint (epoch 592)
2023-01-14 21:44:45,754 - => loaded 'state_dict' from checkpoint '../ai8x-synthesis/trained/ai8x-fruit-qat8-q.pth.tar'
2023-01-14 21:44:45,819 - Optimizer Type: <class 'torch.optim.sgd.SGD'>
2023-01-14 21:44:45,819 - Optimizer Args: {'lr': 0.1, 'momentum': 0.9, 'dampening': 0, 'weight_decay': 0.0001, 'nesterov': False}
2023-01-14 21:44:46,598 - Dataset sizes:
	training=912
	validation=101
	test=80
2023-01-14 21:44:46,599 - --- test ---------------------
2023-01-14 21:44:46,654 - 80 samples (256 per mini-batch)
2023-01-14 21:44:49,631 - 
2023-01-14 21:44:49,632 - Log file for this run: /home/hehung/AI/ai8x-training/logs/2023.01.14-214433/2023.01.14-214433.log
